TN:
SF:app\controllers\todo.controller.js
FN:6,(anonymous_0)
FN:20,(anonymous_1)
FN:23,(anonymous_2)
FN:33,(anonymous_3)
FN:42,(anonymous_4)
FN:56,(anonymous_5)
FN:65,(anonymous_6)
FN:78,(anonymous_7)
FN:100,(anonymous_8)
FN:114,(anonymous_9)
FN:123,(anonymous_10)
FNF:11
FNH:11
FNDA:4,(anonymous_0)
FNDA:3,(anonymous_1)
FNDA:1,(anonymous_2)
FNDA:4,(anonymous_3)
FNDA:3,(anonymous_4)
FNDA:3,(anonymous_5)
FNDA:2,(anonymous_6)
FNDA:6,(anonymous_7)
FNDA:3,(anonymous_8)
FNDA:4,(anonymous_9)
FNDA:3,(anonymous_10)
DA:1,1
DA:2,1
DA:4,1
DA:7,4
DA:8,4
DA:9,2
DA:15,2
DA:17,1
DA:20,3
DA:21,3
DA:23,2
DA:34,4
DA:40,4
DA:42,3
DA:43,3
DA:44,2
DA:46,1
DA:57,3
DA:63,3
DA:65,2
DA:66,2
DA:68,1
DA:79,6
DA:85,6
DA:86,5
DA:87,1
DA:90,4
DA:96,4
DA:98,3
DA:100,3
DA:101,3
DA:102,2
DA:104,1
DA:115,4
DA:121,4
DA:123,3
DA:124,3
DA:125,2
DA:127,1
DA:132,1
LF:40
LH:40
BRDA:8,0,0,2
BRDA:8,0,1,2
BRDA:15,1,0,1
BRDA:15,1,1,1
BRDA:21,2,0,1
BRDA:21,2,1,2
BRDA:40,3,0,1
BRDA:40,3,1,3
BRDA:43,4,0,1
BRDA:43,4,1,2
BRDA:44,5,0,1
BRDA:44,5,1,1
BRDA:63,6,0,1
BRDA:63,6,1,2
BRDA:66,7,0,1
BRDA:66,7,1,1
BRDA:85,8,0,1
BRDA:85,8,1,5
BRDA:86,9,0,1
BRDA:86,9,1,4
BRDA:86,10,0,5
BRDA:86,10,1,4
BRDA:96,11,0,1
BRDA:96,11,1,3
BRDA:101,12,0,1
BRDA:101,12,1,2
BRDA:102,13,0,1
BRDA:102,13,1,1
BRDA:121,14,0,1
BRDA:121,14,1,3
BRDA:124,15,0,1
BRDA:124,15,1,2
BRDA:125,16,0,1
BRDA:125,16,1,1
BRF:34
BRH:34
end_of_record
TN:
SF:app\models\todo.js
FNF:0
FNH:0
DA:1,1
DA:2,1
DA:5,1
DA:21,1
DA:23,1
LF:5
LH:5
BRF:0
BRH:0
end_of_record
TN:
SF:app\swagger\schema.js
FN:8,(anonymous_0)
FN:12,(anonymous_1)
FNF:2
FNH:2
FNDA:23,(anonymous_0)
FNDA:29,(anonymous_1)
DA:1,1
DA:2,1
DA:3,1
DA:4,1
DA:6,1
DA:8,1
DA:9,23
DA:11,23
DA:12,29
DA:13,23
DA:14,23
DA:16,17
LF:12
LH:12
BRDA:13,0,0,23
BRDA:13,0,1,14
BRDA:14,1,0,6
BRDA:14,1,1,17
BRF:4
BRH:4
end_of_record
