TN:
SF:app\controllers\todo.controller.js
FN:6,(anonymous_0)
FN:20,(anonymous_1)
FN:23,(anonymous_2)
FN:33,(anonymous_3)
FN:42,(anonymous_4)
FN:56,(anonymous_5)
FN:66,(anonymous_6)
FN:79,(anonymous_7)
FN:100,(anonymous_8)
FN:108,(anonymous_9)
FN:122,(anonymous_10)
FN:131,(anonymous_11)
FNF:12
FNH:12
FNDA:4,(anonymous_0)
FNDA:3,(anonymous_1)
FNDA:1,(anonymous_2)
FNDA:4,(anonymous_3)
FNDA:3,(anonymous_4)
FNDA:3,(anonymous_5)
FNDA:2,(anonymous_6)
FNDA:7,(anonymous_7)
FNDA:4,(anonymous_8)
FNDA:2,(anonymous_9)
FNDA:4,(anonymous_10)
FNDA:3,(anonymous_11)
DA:1,1
DA:2,1
DA:4,1
DA:7,4
DA:8,4
DA:9,2
DA:15,2
DA:17,1
DA:20,3
DA:21,3
DA:23,2
DA:34,4
DA:40,4
DA:42,3
DA:43,3
DA:44,2
DA:46,1
DA:57,3
DA:63,3
DA:65,2
DA:66,2
DA:67,2
DA:69,1
DA:80,7
DA:86,7
DA:87,6
DA:88,1
DA:91,5
DA:97,5
DA:99,4
DA:100,4
DA:101,4
DA:102,3
DA:105,2
DA:106,2
DA:108,2
DA:109,2
DA:111,1
DA:123,4
DA:129,4
DA:131,3
DA:132,3
DA:133,2
DA:135,1
DA:140,1
LF:45
LH:45
BRDA:8,0,0,2
BRDA:8,0,1,2
BRDA:15,1,0,1
BRDA:15,1,1,1
BRDA:21,2,0,1
BRDA:21,2,1,2
BRDA:40,3,0,1
BRDA:40,3,1,3
BRDA:43,4,0,1
BRDA:43,4,1,2
BRDA:44,5,0,1
BRDA:44,5,1,1
BRDA:63,6,0,1
BRDA:63,6,1,2
BRDA:67,7,0,1
BRDA:67,7,1,1
BRDA:86,8,0,1
BRDA:86,8,1,6
BRDA:87,9,0,1
BRDA:87,9,1,5
BRDA:87,10,0,6
BRDA:87,10,1,5
BRDA:97,11,0,1
BRDA:97,11,1,4
BRDA:101,12,0,1
BRDA:101,12,1,3
BRDA:102,13,0,1
BRDA:102,13,1,2
BRDA:105,14,0,2
BRDA:105,14,1,2
BRDA:106,15,0,2
BRDA:106,15,1,0
BRDA:109,16,0,1
BRDA:109,16,1,1
BRDA:129,17,0,1
BRDA:129,17,1,3
BRDA:132,18,0,1
BRDA:132,18,1,2
BRDA:133,19,0,1
BRDA:133,19,1,1
BRF:40
BRH:39
end_of_record
TN:
SF:app\models\todo.js
FNF:0
FNH:0
DA:1,1
DA:2,1
DA:5,1
DA:21,1
DA:23,1
LF:5
LH:5
BRF:0
BRH:0
end_of_record
TN:
SF:app\swagger\schema.js
FN:8,(anonymous_0)
FN:12,(anonymous_1)
FNF:2
FNH:2
FNDA:25,(anonymous_0)
FNDA:32,(anonymous_1)
DA:1,1
DA:2,1
DA:3,1
DA:4,1
DA:6,1
DA:8,1
DA:9,25
DA:11,25
DA:12,32
DA:13,25
DA:14,25
DA:16,19
LF:12
LH:12
BRDA:13,0,0,25
BRDA:13,0,1,15
BRDA:14,1,0,6
BRDA:14,1,1,19
BRF:4
BRH:4
end_of_record
